<?xml version="1.0" encoding="UTF-8"?>
<testsuite name="org.example.function.FunctionExampleTest" tests="1" skipped="0" failures="0" errors="0" timestamp="2021-11-23T00:59:45" hostname="DESKTOP-91UIN5B" time="0.047">
  <properties/>
  <testcase name="map()" classname="org.example.function.FunctionExampleTest" time="0.047"/>
  <system-out><![CDATA[]]></system-out>
  <system-err><![CDATA[]]></system-err>
</testsuite>
