<?xml version="1.0" encoding="UTF-8"?>
<testsuite name="org.example.abstract_criteria.AppleInventoryAbstractTest" tests="4" skipped="0" failures="0" errors="0" timestamp="2021-11-20T03:30:02" hostname="DESKTOP-91UIN5B" time="0.061">
  <properties/>
  <testcase name="filterAppleWithLambda()" classname="org.example.abstract_criteria.AppleInventoryAbstractTest" time="0.04"/>
  <testcase name="filterAppleWithAnonymousClass()" classname="org.example.abstract_criteria.AppleInventoryAbstractTest" time="0.004"/>
  <testcase name="filterWithGenericType()" classname="org.example.abstract_criteria.AppleInventoryAbstractTest" time="0.003"/>
  <testcase name="filterApples()" classname="org.example.abstract_criteria.AppleInventoryAbstractTest" time="0.01"/>
  <system-out><![CDATA[]]></system-out>
  <system-err><![CDATA[]]></system-err>
</testsuite>
